<?xml version="1.0" encoding="utf-8"?><testsuites name="pytest tests"><testsuite name="pytest" errors="0" failures="0" skipped="0" tests="62" time="51.313" timestamp="2026-09-10T17:42:24.921503+08:00" hostname="LuckyEdeMacBook-Air.local"><testcase classname="tests.test_customer_service_module" name="test_core_answers_a_knowledge_question_without_agent_service" time="1.047" /><testcase classname="tests.test_customer_service_module" name="test_core_refuses_prompt_injection_before_generation" time="0.624" /><testcase classname="tests.test_customer_service_module" name="test_idempotent_invocation_replays_the_stored_response" time="0.850" /><testcase classname="tests.test_customer_service_module" name="test_stream_model_failure_returns_and_persists_retry_response" time="0.775" /><testcase classname="tests.test_customer_service_module" name="test_sync_and_stream_share_the_generated_answer" time="0.985" /><testcase classname="tests.test_customer_service_module" name="test_stream_branch_follows_plan_generation_on_the_no_evidence_branch" time="0.905" /><testcase classname="tests.test_customer_service_module" name="test_stream_branch_follows_plan_generation_on_the_approved_branch" time="0.708" /><testcase classname="tests.test_customer_service_module" name="test_stream_model_branch_consumes_the_planned_prompt_including_scene" time="0.751" /><testcase classname="tests.test_customer_service_module" name="test_scene_prompt_can_be_switched_off_without_touching_the_branch" time="0.666" /><testcase classname="tests.test_customer_service_module" name="test_factory_builds_a_reusable_core_from_db_settings_and_a_fake_model" time="0.832" /><testcase classname="tests.test_customer_service_module_memory" name="test_multi_turn_history_reaches_the_generation_prompt" time="1.121" /><testcase classname="tests.test_customer_service_module_memory" name="test_small_context_budget_drops_the_oldest_turn" time="2.662" /><testcase classname="tests.test_customer_service_module_memory" name="test_history_does_not_leak_between_sessions" time="1.147" /><testcase classname="tests.test_customer_service_module_memory" name="test_follow_up_retrieval_uses_the_previous_user_turn_when_needed" time="0.492" /><testcase classname="tests.test_customer_service_module_memory" name="test_standard_knowledge_retrieval_does_not_mix_in_long_term_memory" time="0.211" /><testcase classname="tests.test_customer_service_module_memory" name="test_long_term_memory_recall_uses_relevance_instead_of_full_sentence_like" time="0.218" /><testcase classname="tests.test_customer_service_module_memory" name="test_buyer_preference_memory_is_scoped_to_the_authenticated_subject" time="0.423" /><testcase classname="tests.test_customer_service_module_memory" name="test_subject_scoped_memory_survives_refined_retrieval_in_chat" time="0.579" /><testcase classname="tests.test_customer_service_module_memory" name="test_memory_is_redacted_before_storage_and_prompt_use" time="0.346" /><testcase classname="tests.test_customer_service_module_memory" name="test_migration_retires_legacy_unscoped_buyer_preferences" time="0.168" /><testcase classname="tests.test_customer_service_module_memory" name="test_recording_an_expired_memory_renews_its_ttl" time="0.190" /><testcase classname="tests.test_vision" name="test_chat_image_contract_requires_supported_matching_image" time="0.001" /><testcase classname="tests.test_vision" name="test_package_exports_chat_image_input" time="0.000" /><testcase classname="tests.test_vision" name="test_direct_core_constructor_closes_default_vision_gateway" time="0.182" /><testcase classname="tests.test_vision" name="test_vision_settings_default_off_and_env_overrides" time="0.001" /><testcase classname="tests.test_vision" name="test_vision_gateway_uses_openai_multimodal_payload_and_redacts_output" time="0.001" /><testcase classname="tests.test_vision" name="test_vision_gateway_rejects_unstructured_model_output" time="0.001" /><testcase classname="tests.test_vision" name="test_vision_gateway_passes_unverified_order_candidate_to_deepseek" time="0.001" /><testcase classname="tests.test_vision" name="test_vision_gateway_drops_sensitive_order_reference" time="0.001" /><testcase classname="tests.test_vision" name="test_vision_gateway_disabled_never_calls_http" time="0.001" /><testcase classname="tests.test_vision" name="test_image_observation_reaches_deepseek_without_persisting_raw_image" time="0.327" /><testcase classname="tests.test_vision" name="test_idempotent_image_response_preserves_full_response_contract" time="0.353" /><testcase classname="tests.test_vision" name="test_vision_audit_failure_removes_unpersisted_image[False]" time="0.284" /><testcase classname="tests.test_vision" name="test_vision_audit_failure_removes_unpersisted_image[True]" time="0.272" /><testcase classname="tests.test_vision" name="test_failed_unpersisted_media_cleanup_is_queued_without_masking_error" time="0.291" /><testcase classname="tests.test_vision" name="test_successful_idempotent_retry_reclaims_media_from_deletion_queue" time="0.392" /><testcase classname="tests.test_vision" name="test_order_candidate_reaches_deepseek_without_becoming_trusted_context" time="0.379" /><testcase classname="tests.test_vision" name="test_follow_up_turn_receives_previous_image_observation" time="0.468" /><testcase classname="tests.test_vision" name="test_customer_session_history_hides_internal_media_details" time="1.457" /><testcase classname="tests.test_vision" name="test_v37_migrates_legacy_message_media_out_of_sources_json" time="0.469" /><testcase classname="tests.test_vision" name="test_retention_removes_persisted_customer_image" time="0.465" /><testcase classname="tests.test_vision" name="test_retention_retries_failed_media_file_deletion" time="0.928" /><testcase classname="tests.test_demo_chat" name="test_prepare_demo_settings_enables_mock_without_api_key" time="0.002" /><testcase classname="tests.test_demo_chat" name="test_demo_page_and_health" time="1.920" /><testcase classname="tests.test_demo_chat" name="test_demo_chat_stream_answers_seed_question" time="1.586" /><testcase classname="tests.test_demo_chat" name="test_demo_sync_and_stream_share_simulation_session_scope" time="1.630" /><testcase classname="tests.test_demo_chat" name="test_demo_seeds_qingchuan_catalog" time="1.397" /><testcase classname="tests.test_demo_chat" name="test_demo_chat_answers_airfryer_capacity" time="1.662" /><testcase classname="tests.test_demo_chat" name="test_demo_seed_clears_sku_scope_on_existing_knowledge" time="1.730" /><testcase classname="tests.test_demo_chat" name="test_mock_model_gateway_ignores_ipv6_no_proxy" time="0.009" /><testcase classname="tests.test_demo_chat" name="test_demo_chat_rejects_empty_message" time="2.618" /><testcase classname="tests.test_demo_chat" name="test_demo_seed_supports_second_tenant_on_same_db" time="1.661" /><testcase classname="tests.test_demo_chat" name="test_demo_lists_sessions_for_current_identity" time="1.652" /><testcase classname="tests.test_demo_chat" name="test_demo_session_history_serves_public_image_media" time="1.829" /><testcase classname="tests.test_demo_chat" name="test_demo_page_has_paste_and_history_ui" time="1.857" /><testcase classname="tests.test_demo_chat" name="test_demo_chat_response_includes_trace_and_decision_mode" time="2.301" /><testcase classname="tests.test_demo_chat" name="test_demo_health_includes_demo_context" time="1.829" /><testcase classname="tests.test_demo_chat" name="test_demo_page_has_diagnostic_ui_and_ime_safe_enter" time="1.840" /><testcase classname="tests.test_demo_chat" name="test_demo_page_has_release_notes_bell_and_feature_log" time="1.899" /><testcase classname="tests.test_domain_profiles" name="test_hr_profile_maps_the_same_control_buckets_without_keyword_routing" time="0.001" /><testcase classname="tests.test_domain_profiles" name="test_unknown_domain_fails_before_demo_startup" time="0.001" /><testcase classname="tests.test_domain_profiles" name="test_demo_health_exposes_selected_hr_profile" time="1.675" /></testsuite></testsuites>