<?xml version="1.0" encoding="utf-8"?><testsuites name="pytest tests"><testsuite name="pytest" errors="0" failures="0" skipped="0" tests="32" time="45.394" timestamp="2026-09-10T17:42:50.332865+08:00" hostname="LuckyEdeMacBook-Air.local"><testcase classname="tests.test_framework_audit" name="test_sync_and_sse_execute_the_registered_generate_and_verify_nodes" time="1.925" /><testcase classname="tests.test_framework_audit" name="test_model_policy_answer_is_not_overridden_by_lexical_routing[\u5982\u679c\u8981\u7533\u8bf7\u9000\u6b3e\uff0c\u9700\u8981\u4ec0\u4e48\u6750\u6599\uff1f]" time="1.453" /><testcase classname="tests.test_framework_audit" name="test_model_policy_answer_is_not_overridden_by_lexical_routing[\u4f60\u4eec\u548c\u7ade\u54c1\u76f8\u6bd4\uff0c\u6709\u54ea\u4e9b\u529f\u80fd\u4f18\u52bf\uff1f]" time="1.541" /><testcase classname="tests.test_framework_audit" name="test_mock_agent_decision_does_not_parse_customer_keywords" time="0.000" /><testcase classname="tests.test_framework_audit" name="test_host_api_cannot_silently_inherit_anonymous_demo_auth[core]" time="1.197" /><testcase classname="tests.test_framework_audit" name="test_host_api_cannot_silently_inherit_anonymous_demo_auth[injected_auth]" time="1.267" /><testcase classname="tests.test_framework_audit" name="test_demo_restart_keeps_the_selected_embedding_backend" time="1.706" /><testcase classname="tests.test_framework_audit" name="test_intent_classifier_receives_history_and_current_image_observation" time="1.741" /><testcase classname="tests.test_framework_audit" name="test_demo_does_not_list_or_serve_other_tenants_original_files" time="1.511" /><testcase classname="tests.test_framework_audit" name="test_loopback_demo_rejects_forwarded_public_requests[headers0]" time="1.621" /><testcase classname="tests.test_framework_audit" name="test_loopback_demo_rejects_forwarded_public_requests[headers1]" time="1.899" /><testcase classname="tests.test_framework_audit" name="test_loopback_demo_rejects_forwarded_public_requests[headers2]" time="2.021" /><testcase classname="tests.test_framework_audit" name="test_terminal_model_responses_cannot_bypass_output_policy[sync-clarify-after_sales-\u8bf7\u63d0\u4f9b\u94f6\u884c\u5361\u5bc6\u7801\u4ee5\u4fbf\u7ee7\u7eed\u5904\u7406\u3002]" time="1.747" /><testcase classname="tests.test_framework_audit" name="test_terminal_model_responses_cannot_bypass_output_policy[sync-handoff-after_sales-\u5df2\u7ecf\u9000\u6b3e\u6210\u529f\uff0c\u6b3e\u9879\u4f1a\u9a6c\u4e0a\u5230\u8d26\u3002]" time="1.684" /><testcase classname="tests.test_framework_audit" name="test_terminal_model_responses_cannot_bypass_output_policy[sync-handoff-complaint-\u8bf7\u63d0\u4f9b\u94f6\u884c\u5361\u5bc6\u7801\u4ee5\u4fbf\u7ee7\u7eed\u5904\u7406\u3002]" time="1.949" /><testcase classname="tests.test_framework_audit" name="test_terminal_model_responses_cannot_bypass_output_policy[sync-refuse-after_sales-\u5df2\u7ecf\u9000\u6b3e\u6210\u529f\uff0c\u6b3e\u9879\u4f1a\u9a6c\u4e0a\u5230\u8d26\u3002]" time="1.615" /><testcase classname="tests.test_framework_audit" name="test_terminal_model_responses_cannot_bypass_output_policy[sse-clarify-after_sales-\u8bf7\u63d0\u4f9b\u94f6\u884c\u5361\u5bc6\u7801\u4ee5\u4fbf\u7ee7\u7eed\u5904\u7406\u3002]" time="1.688" /><testcase classname="tests.test_framework_audit" name="test_terminal_model_responses_cannot_bypass_output_policy[sse-handoff-after_sales-\u5df2\u7ecf\u9000\u6b3e\u6210\u529f\uff0c\u6b3e\u9879\u4f1a\u9a6c\u4e0a\u5230\u8d26\u3002]" time="1.818" /><testcase classname="tests.test_framework_audit" name="test_terminal_model_responses_cannot_bypass_output_policy[sse-handoff-complaint-\u8bf7\u63d0\u4f9b\u94f6\u884c\u5361\u5bc6\u7801\u4ee5\u4fbf\u7ee7\u7eed\u5904\u7406\u3002]" time="1.651" /><testcase classname="tests.test_framework_audit" name="test_terminal_model_responses_cannot_bypass_output_policy[sse-refuse-after_sales-\u5df2\u7ecf\u9000\u6b3e\u6210\u529f\uff0c\u6b3e\u9879\u4f1a\u9a6c\u4e0a\u5230\u8d26\u3002]" time="2.426" /><testcase classname="tests.test_framework_audit" name="test_explicitly_injected_model_is_used_for_intent_even_with_gateway_disabled" time="2.693" /><testcase classname="tests.test_framework_audit" name="test_clarification_missing_fields_are_untrusted_too" time="3.602" /><testcase classname="tests.test_framework_audit" name="test_output_evidence_does_not_treat_list_ordinals_as_business_claims[\u8bf7\u63d0\u4f9b\u4ee5\u4e0b\u4fe1\u606f\uff1a1\uff09\u8ba2\u5355\u53f7\uff1b2\uff09\u673a\u5668\u578b\u53f7\uff1b3\uff09\u6545\u969c\u73b0\u8c61\u3002]" time="0.001" /><testcase classname="tests.test_framework_audit" name="test_output_evidence_does_not_treat_list_ordinals_as_business_claims[\u8bf7\u8865\u5145\uff1a\n1. \u8ba2\u5355\u53f7\n2. \u5546\u54c1\u540d\u79f0\n3. \u6545\u969c\u73b0\u8c61]" time="0.001" /><testcase classname="tests.test_framework_audit" name="test_business_numbers_still_require_evidence[\u4ef7\u683c\uff1a1.99\u5143]" time="0.001" /><testcase classname="tests.test_framework_audit" name="test_business_numbers_still_require_evidence[1. \u4ef7\u683c\u4e3a999\u5143]" time="0.003" /><testcase classname="tests.test_framework_audit" name="test_business_numbers_still_require_evidence[\u9000\u6b3e\u6bd4\u4f8b\u4e3a95%]" time="0.001" /><testcase classname="tests.test_api" name="test_host_api_authenticates_and_exposes_model_intent" time="3.448" /><testcase classname="tests.test_api" name="test_host_api_stream_reuses_core_stream_contract" time="2.904" /><testcase classname="tests.test_intent" name="test_intent_keywords_do_not_bypass_shared_flash_model" time="0.001" /><testcase classname="tests.test_intent" name="test_intent_model_receives_negation_as_complete_message" time="0.002" /><testcase classname="tests.test_intent" name="test_gateway_has_no_separate_intent_model_override" time="0.001" /></testsuite></testsuites>