<?xml version="1.0" encoding="utf-8"?><testsuites name="pytest tests"><testsuite name="pytest" errors="0" failures="0" skipped="0" tests="109" time="66.503" timestamp="2026-09-10T18:01:08.071599+08:00" hostname="LuckyEdeMacBook-Air.local"><testcase classname="tests.test_api" name="test_host_api_authenticates_and_exposes_model_intent" time="0.852" /><testcase classname="tests.test_api" name="test_host_api_stream_reuses_core_stream_contract" time="0.613" /><testcase classname="tests.test_customer_service_module" name="test_core_answers_a_knowledge_question_without_agent_service" time="0.720" /><testcase classname="tests.test_customer_service_module" name="test_core_refuses_prompt_injection_before_generation" time="0.646" /><testcase classname="tests.test_customer_service_module" name="test_idempotent_invocation_replays_the_stored_response" time="0.661" /><testcase classname="tests.test_customer_service_module" name="test_stream_model_failure_returns_and_persists_retry_response" time="0.637" /><testcase classname="tests.test_customer_service_module" name="test_sync_and_stream_share_the_generated_answer" time="0.692" /><testcase classname="tests.test_customer_service_module" name="test_stream_branch_follows_plan_generation_on_the_no_evidence_branch" time="0.498" /><testcase classname="tests.test_customer_service_module" name="test_stream_branch_follows_plan_generation_on_the_approved_branch" time="0.489" /><testcase classname="tests.test_customer_service_module" name="test_stream_model_branch_consumes_the_planned_prompt_including_scene" time="0.494" /><testcase classname="tests.test_customer_service_module" name="test_scene_prompt_can_be_switched_off_without_touching_the_branch" time="0.482" /><testcase classname="tests.test_customer_service_module" name="test_factory_builds_a_reusable_core_from_db_settings_and_a_fake_model" time="0.615" /><testcase classname="tests.test_customer_service_module_knowledge" name="test_retrieval_hits_the_tenant_document_and_keeps_other_tenants_out" time="0.615" /><testcase classname="tests.test_customer_service_module_knowledge" name="test_guard_drops_knowledge_entries_carrying_embedded_instructions" time="0.623" /><testcase classname="tests.test_customer_service_module_knowledge" name="test_approved_reuse_requires_an_exact_question_match" time="0.473" /><testcase classname="tests.test_customer_service_module_knowledge" name="test_evolution_cycle_learns_reuses_and_rolls_back" time="0.960" /><testcase classname="tests.test_customer_service_module_knowledge" name="test_candidate_failing_the_gate_cannot_be_approved" time="0.798" /><testcase classname="tests.test_customer_service_module_knowledge" name="test_exact_question_match_ranks_before_a_shorter_generic_match" time="0.125" /><testcase classname="tests.test_customer_service_module_knowledge" name="test_repeated_correction_reuses_the_existing_evolution_candidate" time="0.713" /><testcase classname="tests.test_customer_service_module_knowledge" name="test_repeated_correction_reports_an_existing_approved_candidate" time="0.886" /><testcase classname="tests.test_customer_service_module_memory" name="test_multi_turn_history_reaches_the_generation_prompt" time="0.705" /><testcase classname="tests.test_customer_service_module_memory" name="test_small_context_budget_drops_the_oldest_turn" time="1.543" /><testcase classname="tests.test_customer_service_module_memory" name="test_history_does_not_leak_between_sessions" time="0.683" /><testcase classname="tests.test_customer_service_module_memory" name="test_follow_up_retrieval_uses_the_previous_user_turn_when_needed" time="0.302" /><testcase classname="tests.test_customer_service_module_memory" name="test_standard_knowledge_retrieval_does_not_mix_in_long_term_memory" time="0.122" /><testcase classname="tests.test_customer_service_module_memory" name="test_long_term_memory_recall_uses_relevance_instead_of_full_sentence_like" time="0.128" /><testcase classname="tests.test_customer_service_module_memory" name="test_buyer_preference_memory_is_scoped_to_the_authenticated_subject" time="0.272" /><testcase classname="tests.test_customer_service_module_memory" name="test_subject_scoped_memory_survives_refined_retrieval_in_chat" time="0.368" /><testcase classname="tests.test_customer_service_module_memory" name="test_memory_is_redacted_before_storage_and_prompt_use" time="0.240" /><testcase classname="tests.test_customer_service_module_memory" name="test_migration_retires_legacy_unscoped_buyer_preferences" time="0.126" /><testcase classname="tests.test_customer_service_module_memory" name="test_recording_an_expired_memory_renews_its_ttl" time="0.128" /><testcase classname="tests.test_demo_chat" name="test_prepare_demo_settings_enables_mock_without_api_key" time="0.001" /><testcase classname="tests.test_demo_chat" name="test_demo_page_and_health" time="0.609" /><testcase classname="tests.test_demo_chat" name="test_demo_chat_stream_answers_seed_question" time="0.706" /><testcase classname="tests.test_demo_chat" name="test_demo_sync_and_stream_share_simulation_session_scope" time="0.760" /><testcase classname="tests.test_demo_chat" name="test_demo_seeds_qingchuan_catalog" time="0.599" /><testcase classname="tests.test_demo_chat" name="test_demo_chat_answers_airfryer_capacity" time="0.742" /><testcase classname="tests.test_demo_chat" name="test_demo_seed_clears_sku_scope_on_existing_knowledge" time="0.816" /><testcase classname="tests.test_demo_chat" name="test_mock_model_gateway_ignores_ipv6_no_proxy" time="0.005" /><testcase classname="tests.test_demo_chat" name="test_demo_chat_rejects_empty_message" time="0.679" /><testcase classname="tests.test_demo_chat" name="test_demo_seed_supports_second_tenant_on_same_db" time="0.670" /><testcase classname="tests.test_demo_chat" name="test_demo_lists_sessions_for_current_identity" time="0.664" /><testcase classname="tests.test_demo_chat" name="test_demo_session_history_serves_public_image_media" time="0.670" /><testcase classname="tests.test_demo_chat" name="test_demo_page_has_paste_and_history_ui" time="0.594" /><testcase classname="tests.test_demo_chat" name="test_demo_chat_response_includes_trace_and_decision_mode" time="0.686" /><testcase classname="tests.test_demo_chat" name="test_demo_health_includes_demo_context" time="0.695" /><testcase classname="tests.test_demo_chat" name="test_demo_page_has_diagnostic_ui_and_ime_safe_enter" time="0.611" /><testcase classname="tests.test_demo_chat" name="test_demo_page_has_release_notes_bell_and_feature_log" time="0.615" /><testcase classname="tests.test_domain_profiles" name="test_hr_profile_maps_the_same_control_buckets_without_keyword_routing" time="0.000" /><testcase classname="tests.test_domain_profiles" name="test_unknown_domain_fails_before_demo_startup" time="0.000" /><testcase classname="tests.test_domain_profiles" name="test_demo_health_exposes_selected_hr_profile" time="0.661" /><testcase classname="tests.test_embeddings" name="test_hash_provider_is_reproducible_and_explicit" time="0.000" /><testcase classname="tests.test_embeddings" name="test_unknown_embedding_provider_fails_at_configuration_boundary" time="0.000" /><testcase classname="tests.test_framework_audit" name="test_sync_and_sse_execute_the_registered_generate_and_verify_nodes" time="0.699" /><testcase classname="tests.test_framework_audit" name="test_model_policy_answer_is_not_overridden_by_lexical_routing[\u5982\u679c\u8981\u7533\u8bf7\u9000\u6b3e\uff0c\u9700\u8981\u4ec0\u4e48\u6750\u6599\uff1f]" time="0.624" /><testcase classname="tests.test_framework_audit" name="test_model_policy_answer_is_not_overridden_by_lexical_routing[\u4f60\u4eec\u548c\u7ade\u54c1\u76f8\u6bd4\uff0c\u6709\u54ea\u4e9b\u529f\u80fd\u4f18\u52bf\uff1f]" time="0.624" /><testcase classname="tests.test_framework_audit" name="test_mock_agent_decision_does_not_parse_customer_keywords" time="0.000" /><testcase classname="tests.test_framework_audit" name="test_host_api_cannot_silently_inherit_anonymous_demo_auth[core]" time="0.514" /><testcase classname="tests.test_framework_audit" name="test_host_api_cannot_silently_inherit_anonymous_demo_auth[injected_auth]" time="0.682" /><testcase classname="tests.test_framework_audit" name="test_demo_restart_keeps_the_selected_embedding_backend" time="0.304" /><testcase classname="tests.test_framework_audit" name="test_intent_classifier_receives_history_and_current_image_observation" time="0.754" /><testcase classname="tests.test_framework_audit" name="test_demo_does_not_list_or_serve_other_tenants_original_files" time="0.646" /><testcase classname="tests.test_framework_audit" name="test_loopback_demo_rejects_forwarded_public_requests[headers0]" time="0.653" /><testcase classname="tests.test_framework_audit" name="test_loopback_demo_rejects_forwarded_public_requests[headers1]" time="0.684" /><testcase classname="tests.test_framework_audit" name="test_loopback_demo_rejects_forwarded_public_requests[headers2]" time="0.643" /><testcase classname="tests.test_framework_audit" name="test_terminal_model_responses_cannot_bypass_output_policy[sync-clarify-after_sales-\u8bf7\u63d0\u4f9b\u94f6\u884c\u5361\u5bc6\u7801\u4ee5\u4fbf\u7ee7\u7eed\u5904\u7406\u3002]" time="0.630" /><testcase classname="tests.test_framework_audit" name="test_terminal_model_responses_cannot_bypass_output_policy[sync-handoff-after_sales-\u5df2\u7ecf\u9000\u6b3e\u6210\u529f\uff0c\u6b3e\u9879\u4f1a\u9a6c\u4e0a\u5230\u8d26\u3002]" time="0.665" /><testcase classname="tests.test_framework_audit" name="test_terminal_model_responses_cannot_bypass_output_policy[sync-handoff-complaint-\u8bf7\u63d0\u4f9b\u94f6\u884c\u5361\u5bc6\u7801\u4ee5\u4fbf\u7ee7\u7eed\u5904\u7406\u3002]" time="0.661" /><testcase classname="tests.test_framework_audit" name="test_terminal_model_responses_cannot_bypass_output_policy[sync-refuse-after_sales-\u5df2\u7ecf\u9000\u6b3e\u6210\u529f\uff0c\u6b3e\u9879\u4f1a\u9a6c\u4e0a\u5230\u8d26\u3002]" time="0.633" /><testcase classname="tests.test_framework_audit" name="test_terminal_model_responses_cannot_bypass_output_policy[sse-clarify-after_sales-\u8bf7\u63d0\u4f9b\u94f6\u884c\u5361\u5bc6\u7801\u4ee5\u4fbf\u7ee7\u7eed\u5904\u7406\u3002]" time="0.651" /><testcase classname="tests.test_framework_audit" name="test_terminal_model_responses_cannot_bypass_output_policy[sse-handoff-after_sales-\u5df2\u7ecf\u9000\u6b3e\u6210\u529f\uff0c\u6b3e\u9879\u4f1a\u9a6c\u4e0a\u5230\u8d26\u3002]" time="0.672" /><testcase classname="tests.test_framework_audit" name="test_terminal_model_responses_cannot_bypass_output_policy[sse-handoff-complaint-\u8bf7\u63d0\u4f9b\u94f6\u884c\u5361\u5bc6\u7801\u4ee5\u4fbf\u7ee7\u7eed\u5904\u7406\u3002]" time="0.644" /><testcase classname="tests.test_framework_audit" name="test_terminal_model_responses_cannot_bypass_output_policy[sse-refuse-after_sales-\u5df2\u7ecf\u9000\u6b3e\u6210\u529f\uff0c\u6b3e\u9879\u4f1a\u9a6c\u4e0a\u5230\u8d26\u3002]" time="0.629" /><testcase classname="tests.test_framework_audit" name="test_explicitly_injected_model_is_used_for_intent_even_with_gateway_disabled" time="0.649" /><testcase classname="tests.test_framework_audit" name="test_clarification_missing_fields_are_untrusted_too" time="0.655" /><testcase classname="tests.test_framework_audit" name="test_output_evidence_does_not_treat_list_ordinals_as_business_claims[\u8bf7\u63d0\u4f9b\u4ee5\u4e0b\u4fe1\u606f\uff1a1\uff09\u8ba2\u5355\u53f7\uff1b2\uff09\u673a\u5668\u578b\u53f7\uff1b3\uff09\u6545\u969c\u73b0\u8c61\u3002]" time="0.000" /><testcase classname="tests.test_framework_audit" name="test_output_evidence_does_not_treat_list_ordinals_as_business_claims[\u8bf7\u8865\u5145\uff1a\n1. \u8ba2\u5355\u53f7\n2. \u5546\u54c1\u540d\u79f0\n3. \u6545\u969c\u73b0\u8c61]" time="0.000" /><testcase classname="tests.test_framework_audit" name="test_business_numbers_still_require_evidence[\u4ef7\u683c\uff1a1.99\u5143]" time="0.000" /><testcase classname="tests.test_framework_audit" name="test_business_numbers_still_require_evidence[1. \u4ef7\u683c\u4e3a999\u5143]" time="0.000" /><testcase classname="tests.test_framework_audit" name="test_business_numbers_still_require_evidence[\u9000\u6b3e\u6bd4\u4f8b\u4e3a95%]" time="0.000" /><testcase classname="tests.test_intent" name="test_intent_keywords_do_not_bypass_shared_flash_model" time="0.001" /><testcase classname="tests.test_intent" name="test_intent_model_receives_negation_as_complete_message" time="0.000" /><testcase classname="tests.test_intent" name="test_gateway_has_no_separate_intent_model_override" time="0.000" /><testcase classname="tests.test_knowledge_ingest" name="test_pdf_import_preserves_page_sources_and_tenant_scope" time="11.602" /><testcase classname="tests.test_knowledge_ingest" name="test_knowledge_import_endpoint_lists_imported_pdf" time="7.232" /><testcase classname="tests.test_knowledge_ingest" name="test_feedback_endpoint_creates_experience_candidate" time="1.333" /><testcase classname="tests.test_knowledge_ingest" name="test_chunks_keep_markdown_heading_with_following_content" time="0.000" /><testcase classname="tests.test_knowledge_ingest" name="test_mixed_native_and_scanned_pdf_pages_keep_reading_order" time="0.000" /><testcase classname="tests.test_vision" name="test_chat_image_contract_requires_supported_matching_image" time="0.001" /><testcase classname="tests.test_vision" name="test_package_exports_chat_image_input" time="0.000" /><testcase classname="tests.test_vision" name="test_direct_core_constructor_closes_default_vision_gateway" time="0.192" /><testcase classname="tests.test_vision" name="test_vision_settings_default_off_and_env_overrides" time="0.001" /><testcase classname="tests.test_vision" name="test_vision_gateway_uses_openai_multimodal_payload_and_redacts_output" time="0.001" /><testcase classname="tests.test_vision" name="test_vision_gateway_rejects_unstructured_model_output" time="0.001" /><testcase classname="tests.test_vision" name="test_vision_gateway_passes_unverified_order_candidate_to_deepseek" time="0.001" /><testcase classname="tests.test_vision" name="test_vision_gateway_drops_sensitive_order_reference" time="0.001" /><testcase classname="tests.test_vision" name="test_vision_gateway_disabled_never_calls_http" time="0.001" /><testcase classname="tests.test_vision" name="test_image_observation_reaches_deepseek_without_persisting_raw_image" time="0.346" /><testcase classname="tests.test_vision" name="test_idempotent_image_response_preserves_full_response_contract" time="0.344" /><testcase classname="tests.test_vision" name="test_vision_audit_failure_removes_unpersisted_image[False]" time="0.257" /><testcase classname="tests.test_vision" name="test_vision_audit_failure_removes_unpersisted_image[True]" time="0.258" /><testcase classname="tests.test_vision" name="test_failed_unpersisted_media_cleanup_is_queued_without_masking_error" time="0.268" /><testcase classname="tests.test_vision" name="test_successful_idempotent_retry_reclaims_media_from_deletion_queue" time="0.364" /><testcase classname="tests.test_vision" name="test_order_candidate_reaches_deepseek_without_becoming_trusted_context" time="0.319" /><testcase classname="tests.test_vision" name="test_follow_up_turn_receives_previous_image_observation" time="0.381" /><testcase classname="tests.test_vision" name="test_customer_session_history_hides_internal_media_details" time="0.986" /><testcase classname="tests.test_vision" name="test_v37_migrates_legacy_message_media_out_of_sources_json" time="0.346" /><testcase classname="tests.test_vision" name="test_retention_removes_persisted_customer_image" time="0.359" /><testcase classname="tests.test_vision" name="test_retention_retries_failed_media_file_deletion" time="0.329" /></testsuite></testsuites>