<?xml version="1.0" encoding="utf-8"?><testsuites name="pytest tests"><testsuite name="pytest" errors="0" failures="0" skipped="0" tests="15" time="112.826" timestamp="2026-09-10T17:43:18.284250+08:00" hostname="LuckyEdeMacBook-Air.local"><testcase classname="tests.test_customer_service_module_knowledge" name="test_retrieval_hits_the_tenant_document_and_keeps_other_tenants_out" time="2.446" /><testcase classname="tests.test_customer_service_module_knowledge" name="test_guard_drops_knowledge_entries_carrying_embedded_instructions" time="2.612" /><testcase classname="tests.test_customer_service_module_knowledge" name="test_approved_reuse_requires_an_exact_question_match" time="2.308" /><testcase classname="tests.test_customer_service_module_knowledge" name="test_evolution_cycle_learns_reuses_and_rolls_back" time="5.769" /><testcase classname="tests.test_customer_service_module_knowledge" name="test_candidate_failing_the_gate_cannot_be_approved" time="3.771" /><testcase classname="tests.test_customer_service_module_knowledge" name="test_exact_question_match_ranks_before_a_shorter_generic_match" time="0.441" /><testcase classname="tests.test_customer_service_module_knowledge" name="test_repeated_correction_reuses_the_existing_evolution_candidate" time="3.021" /><testcase classname="tests.test_customer_service_module_knowledge" name="test_repeated_correction_reports_an_existing_approved_candidate" time="4.467" /><testcase classname="tests.test_embeddings" name="test_hash_provider_is_reproducible_and_explicit" time="0.001" /><testcase classname="tests.test_embeddings" name="test_unknown_embedding_provider_fails_at_configuration_boundary" time="0.001" /><testcase classname="tests.test_knowledge_ingest" name="test_pdf_import_preserves_page_sources_and_tenant_scope" time="33.285" /><testcase classname="tests.test_knowledge_ingest" name="test_knowledge_import_endpoint_lists_imported_pdf" time="47.333" /><testcase classname="tests.test_knowledge_ingest" name="test_feedback_endpoint_creates_experience_candidate" time="7.176" /><testcase classname="tests.test_knowledge_ingest" name="test_chunks_keep_markdown_heading_with_following_content" time="0.001" /><testcase classname="tests.test_knowledge_ingest" name="test_mixed_native_and_scanned_pdf_pages_keep_reading_order" time="0.002" /></testsuite></testsuites>